<?xml version="1.0" encoding="UTF-8"?>
<!-- Generated by org.testng.reporters.JUnitXMLReporter -->
<testsuite hostname="DESKTOP-23HNN2E" name="Test" tests="6" failures="0" timestamp="4 Sep 2019 20:27:44 GMT" time="0.081" errors="0">
  <testcase name="andriod" time="0.016" classname="com.myfirstMavenproject.AppiumTest"/>
  <testcase name="ios" time="0.006" classname="com.myfirstMavenproject.AppiumTest"/>
  <testcase name="browserAutomation" time="0.002" classname="com.myfirstMavenproject.SeleniumTest"/>
  <testcase name="elementUI" time="0.005" classname="com.myfirstMavenproject.SeleniumTest"/>
  <testcase name="deleteTwitter" time="0.002" classname="com.myfirstMavenproject.APITest"/>
  <testcase name="postJira" time="0.005" classname="com.myfirstMavenproject.APITest"/>
</testsuite> <!-- Test -->
