<?xml version="1.0" encoding="UTF-8"?>
<!-- Generated by org.testng.reporters.JUnitXMLReporter -->
<testsuite ignored="0" hostname="DESKTOP-23HNN2E" failures="0" tests="4" name="Test" time="0.054" errors="0" timestamp="2019-09-04T13:27:08 PDT">
  <testcase classname="com.myfirstMavenproject.AppiumTest" name="andriod" time="0.008"/>
  <testcase classname="com.myfirstMavenproject.AppiumTest" name="ios" time="0.001"/>
  <testcase classname="com.myfirstMavenproject.SeleniumTest" name="browserAutomation" time="0.001"/>
  <testcase classname="com.myfirstMavenproject.SeleniumTest" name="elementUI" time="0.001"/>
</testsuite> <!-- Test -->
