<?xml version="1.0" encoding="UTF-8"?>
<testng-results ignored="0" total="4" passed="4" failed="0" skipped="0">
  <reporter-output>
  </reporter-output>
  <suite started-at="2019-09-04T13:27:08 PDT" name="Suite" finished-at="2019-09-04T13:27:08 PDT" duration-ms="54">
    <groups>
    </groups>
    <test started-at="2019-09-04T13:27:08 PDT" name="Test" finished-at="2019-09-04T13:27:08 PDT" duration-ms="54">
      <class name="com.myfirstMavenproject.SeleniumTest">
        <test-method signature="browserAutomation()[pri:0, instance:com.myfirstMavenproject.SeleniumTest@5ea434c8]" started-at="2019-09-04T13:27:08 PDT" name="browserAutomation" finished-at="2019-09-04T13:27:08 PDT" duration-ms="1" status="PASS">
          <reporter-output>
          </reporter-output>
        </test-method> <!-- browserAutomation -->
        <test-method signature="elementUI()[pri:0, instance:com.myfirstMavenproject.SeleniumTest@5ea434c8]" started-at="2019-09-04T13:27:08 PDT" name="elementUI" finished-at="2019-09-04T13:27:08 PDT" duration-ms="1" status="PASS">
          <reporter-output>
          </reporter-output>
        </test-method> <!-- elementUI -->
      </class> <!-- com.myfirstMavenproject.SeleniumTest -->
      <class name="com.myfirstMavenproject.AppiumTest">
        <test-method signature="andriod()[pri:0, instance:com.myfirstMavenproject.AppiumTest@5d47c63f]" started-at="2019-09-04T13:27:08 PDT" name="andriod" finished-at="2019-09-04T13:27:08 PDT" duration-ms="8" status="PASS">
          <reporter-output>
          </reporter-output>
        </test-method> <!-- andriod -->
        <test-method signature="ios()[pri:0, instance:com.myfirstMavenproject.AppiumTest@5d47c63f]" started-at="2019-09-04T13:27:08 PDT" name="ios" finished-at="2019-09-04T13:27:08 PDT" duration-ms="1" status="PASS">
          <reporter-output>
          </reporter-output>
        </test-method> <!-- ios -->
      </class> <!-- com.myfirstMavenproject.AppiumTest -->
    </test> <!-- Test -->
  </suite> <!-- Suite -->
</testng-results>
